C:\USERS\PATRICK\DOCUMENTS\VISUAL STUDIO 2012\PROJECTS\DIP_HW\DIP_HW\DEBUG\DIP_HW.PCH
C:\USERS\PATRICK\DOCUMENTS\VISUAL STUDIO 2012\PROJECTS\DIP_HW\DIP_HW\DEBUG\STDAFX.OBJ
C:\USERS\PATRICK\DOCUMENTS\VISUAL STUDIO 2012\PROJECTS\DIP_HW\DIP_HW\DEBUG\VC110.PDB
C:\USERS\PATRICK\DOCUMENTS\VISUAL STUDIO 2012\PROJECTS\DIP_HW\DIP_HW\DEBUG\DIP_HW.OBJ
C:\Users\Patrick\documents\visual studio 2012\Projects\DIP_HW\DIP_HW\Debug\DIP_HW.obj
C:\Users\Patrick\documents\visual studio 2012\Projects\DIP_HW\DIP_HW\Debug\stdafx.obj
C:\Users\Patrick\documents\visual studio 2012\Projects\DIP_HW\DIP_HW\Debug\cl.command.1.tlog
C:\Users\Patrick\documents\visual studio 2012\Projects\DIP_HW\DIP_HW\Debug\CL.read.1.tlog
C:\Users\Patrick\documents\visual studio 2012\Projects\DIP_HW\DIP_HW\Debug\CL.write.1.tlog
C:\Users\Patrick\documents\visual studio 2012\Projects\DIP_HW\DIP_HW\Debug\link-cvtres.read.1.tlog
C:\Users\Patrick\documents\visual studio 2012\Projects\DIP_HW\DIP_HW\Debug\link-cvtres.write.1.tlog
C:\Users\Patrick\documents\visual studio 2012\Projects\DIP_HW\DIP_HW\Debug\link-rc.read.1.tlog
C:\Users\Patrick\documents\visual studio 2012\Projects\DIP_HW\DIP_HW\Debug\link-rc.write.1.tlog
C:\Users\Patrick\documents\visual studio 2012\Projects\DIP_HW\DIP_HW\Debug\link.7208.read.1.tlog
C:\Users\Patrick\documents\visual studio 2012\Projects\DIP_HW\DIP_HW\Debug\link.7208.write.1.tlog
C:\Users\Patrick\documents\visual studio 2012\Projects\DIP_HW\DIP_HW\Debug\link.9072-cvtres.read.1.tlog
C:\Users\Patrick\documents\visual studio 2012\Projects\DIP_HW\DIP_HW\Debug\link.9072-cvtres.write.1.tlog
C:\Users\Patrick\documents\visual studio 2012\Projects\DIP_HW\DIP_HW\Debug\link.9072-rc.read.1.tlog
C:\Users\Patrick\documents\visual studio 2012\Projects\DIP_HW\DIP_HW\Debug\link.9072-rc.write.1.tlog
C:\Users\Patrick\documents\visual studio 2012\Projects\DIP_HW\DIP_HW\Debug\link.9072.read.1.tlog
C:\Users\Patrick\documents\visual studio 2012\Projects\DIP_HW\DIP_HW\Debug\link.9072.write.1.tlog
C:\Users\Patrick\documents\visual studio 2012\Projects\DIP_HW\DIP_HW\Debug\link.command.1.tlog
C:\Users\Patrick\documents\visual studio 2012\Projects\DIP_HW\DIP_HW\Debug\link.read.1.tlog
C:\Users\Patrick\documents\visual studio 2012\Projects\DIP_HW\DIP_HW\Debug\link.write.1.tlog
C:\Users\Patrick\documents\visual studio 2012\Projects\DIP_HW\DIP_HW\Debug\DIP_HW.pch
C:\Users\Patrick\documents\visual studio 2012\Projects\DIP_HW\DIP_HW\Debug\vc110.idb
C:\Users\Patrick\documents\visual studio 2012\Projects\DIP_HW\DIP_HW\Debug\vc110.pdb
C:\Users\Patrick\documents\visual studio 2012\Projects\DIP_HW\Debug\DIP_HW.pdb
