C:\USERS\PATRICK\DOCUMENTS\VISUAL STUDIO 2012\PROJECTS\DIP_HW\DIP_HW\X64\DEBUG\DIP_HW.PCH
C:\USERS\PATRICK\DOCUMENTS\VISUAL STUDIO 2012\PROJECTS\DIP_HW\DIP_HW\X64\DEBUG\STDAFX.OBJ
C:\USERS\PATRICK\DOCUMENTS\VISUAL STUDIO 2012\PROJECTS\DIP_HW\DIP_HW\X64\DEBUG\VC110.PDB
C:\USERS\PATRICK\DOCUMENTS\VISUAL STUDIO 2012\PROJECTS\DIP_HW\DIP_HW\X64\DEBUG\DIP_HW.OBJ
C:\USERS\PATRICK\DOCUMENTS\VISUAL STUDIO 2012\PROJECTS\DIP_HW\X64\DEBUG\DIP_HW.ILK
C:\USERS\PATRICK\DOCUMENTS\VISUAL STUDIO 2012\PROJECTS\DIP_HW\X64\DEBUG\DIP_HW.EXE
C:\USERS\PATRICK\DOCUMENTS\VISUAL STUDIO 2012\PROJECTS\DIP_HW\X64\DEBUG\DIP_HW.PDB
C:\Users\Patrick\documents\visual studio 2012\Projects\DIP_HW\DIP_HW\x64\Debug\DIP_HW.obj
C:\Users\Patrick\documents\visual studio 2012\Projects\DIP_HW\DIP_HW\x64\Debug\stdafx.obj
C:\Users\Patrick\documents\visual studio 2012\Projects\DIP_HW\DIP_HW\x64\Debug\cl.command.1.tlog
C:\Users\Patrick\documents\visual studio 2012\Projects\DIP_HW\DIP_HW\x64\Debug\CL.read.1.tlog
C:\Users\Patrick\documents\visual studio 2012\Projects\DIP_HW\DIP_HW\x64\Debug\CL.write.1.tlog
C:\Users\Patrick\documents\visual studio 2012\Projects\DIP_HW\DIP_HW\x64\Debug\link-cvtres.read.1.tlog
C:\Users\Patrick\documents\visual studio 2012\Projects\DIP_HW\DIP_HW\x64\Debug\link-cvtres.write.1.tlog
C:\Users\Patrick\documents\visual studio 2012\Projects\DIP_HW\DIP_HW\x64\Debug\link-rc.read.1.tlog
C:\Users\Patrick\documents\visual studio 2012\Projects\DIP_HW\DIP_HW\x64\Debug\link-rc.write.1.tlog
C:\Users\Patrick\documents\visual studio 2012\Projects\DIP_HW\DIP_HW\x64\Debug\link.5924-cvtres.read.1.tlog
C:\Users\Patrick\documents\visual studio 2012\Projects\DIP_HW\DIP_HW\x64\Debug\link.5924-cvtres.write.1.tlog
C:\Users\Patrick\documents\visual studio 2012\Projects\DIP_HW\DIP_HW\x64\Debug\link.5924-rc.read.1.tlog
C:\Users\Patrick\documents\visual studio 2012\Projects\DIP_HW\DIP_HW\x64\Debug\link.5924-rc.write.1.tlog
C:\Users\Patrick\documents\visual studio 2012\Projects\DIP_HW\DIP_HW\x64\Debug\link.5924.read.1.tlog
C:\Users\Patrick\documents\visual studio 2012\Projects\DIP_HW\DIP_HW\x64\Debug\link.5924.write.1.tlog
C:\Users\Patrick\documents\visual studio 2012\Projects\DIP_HW\DIP_HW\x64\Debug\link.command.1.tlog
C:\Users\Patrick\documents\visual studio 2012\Projects\DIP_HW\DIP_HW\x64\Debug\link.read.1.tlog
C:\Users\Patrick\documents\visual studio 2012\Projects\DIP_HW\DIP_HW\x64\Debug\link.write.1.tlog
C:\Users\Patrick\documents\visual studio 2012\Projects\DIP_HW\DIP_HW\x64\Debug\DIP_HW.pch
C:\Users\Patrick\documents\visual studio 2012\Projects\DIP_HW\DIP_HW\x64\Debug\vc110.idb
C:\Users\Patrick\documents\visual studio 2012\Projects\DIP_HW\DIP_HW\x64\Debug\vc110.pdb
C:\Users\Patrick\documents\visual studio 2012\Projects\DIP_HW\x64\Debug\DIP_HW.pdb
C:\Users\Patrick\documents\visual studio 2012\Projects\DIP_HW\x64\Debug\DIP_HW.exe
C:\Users\Patrick\documents\visual studio 2012\Projects\DIP_HW\x64\Debug\DIP_HW.ilk
